<?xml version="1.0" encoding="UTF-8"?>
<!-- Generated by org.testng.reporters.JUnitReportReporter -->
<testsuite hostname="DESKTOP-PM1TOV7" failures="0" tests="1" name="seleniumwebdriver.Demo" time="7.500" errors="0" timestamp="2024-09-27T19:19:41 IST" skipped="0">
  <testcase classname="seleniumwebdriver.Demo" name="methods" time="7.500"/>
</testsuite> <!-- seleniumwebdriver.Demo -->
